[03:16:48] [main/INFO]: Loading Minecraft 1.21.8 with Fabric Loader 0.16.14
[03:16:49] [ForkJoinPool-1-worker-2/WARN]: Mod com_github_skinsrestorer_configme uses the version beefdbdf7e which isn't compatible with Loader's extended semantic version format (Could not parse version number component 'beefdbdf7e'!), SemVer is recommended for reliably evaluating dependencies and prioritizing newer version
[03:16:49] [main/WARN]: Warnings were found!
 - Mod 'Dynamic Lights' (dynamiclights) 1.8.8+bump+mod recommends any version of modmenu-badges-lib, which is missing!
	 - You should install any version of modmenu-badges-lib for the optimal experience.
 - Mod 'Dynamic Lights' (dynamiclights) 1.8.8+bump+mod recommends any version of midnightlib, which is missing!
	 - You should install any version of midnightlib for the optimal experience.
[03:16:49] [main/INFO]: Loading 92 mods:
	- alternate-current 1.9.0
	- cloth-config 19.0.147
	   \-- cloth-basic-math 0.6.1
	- dynamiclights 1.8.8+bump+mod
	- entityculling 1.8.2
	   |-- transition 1.0.3
	   \-- trender 1.0.5
	- fabric-api 0.130.0+1.21.8
	   |-- fabric-api-base 0.4.64+9ec45cd82c
	   |-- fabric-api-lookup-api-v1 1.6.100+946bf4c32c
	   |-- fabric-biome-api-v1 16.0.11+946bf4c32c
	   |-- fabric-block-api-v1 1.1.3+946bf4c32c
	   |-- fabric-block-view-api-v2 1.0.31+946bf4c32c
	   |-- fabric-command-api-v2 2.3.0+52fff9ec2c
	   |-- fabric-content-registries-v0 10.0.18+946bf4c32c
	   |-- fabric-convention-tags-v1 2.1.40+7f945d5b2c
	   |-- fabric-convention-tags-v2 2.15.5+eb5df52f2c
	   |-- fabric-crash-report-info-v1 0.3.15+946bf4c32c
	   |-- fabric-data-attachment-api-v1 1.8.10+946bf4c32c
	   |-- fabric-data-generation-api-v1 23.2.5+9fc9c3b12c
	   |-- fabric-dimensions-v1 4.0.19+946bf4c32c
	   |-- fabric-entity-events-v1 2.1.1+c9e472732c
	   |-- fabric-events-interaction-v0 4.0.23+946bf4c32c
	   |-- fabric-game-rule-api-v1 1.0.73+c64c9c5b2c
	   |-- fabric-item-api-v1 11.4.3+946bf4c32c
	   |-- fabric-item-group-api-v1 4.2.13+946bf4c32c
	   |-- fabric-key-binding-api-v1 1.0.65+946bf4c32c
	   |-- fabric-lifecycle-events-v1 2.6.3+db4dfd852c
	   |-- fabric-loot-api-v2 3.0.55+3f89f5a52c
	   |-- fabric-loot-api-v3 2.0.2+946bf4c32c
	   |-- fabric-message-api-v1 6.1.1+946bf4c32c
	   |-- fabric-model-loading-api-v1 5.2.5+946bf4c32c
	   |-- fabric-networking-api-v1 5.0.1+946bf4c32c
	   |-- fabric-object-builder-api-v1 21.1.7+946bf4c32c
	   |-- fabric-particles-v1 4.1.7+946bf4c32c
	   |-- fabric-recipe-api-v1 8.1.14+946bf4c32c
	   |-- fabric-registry-sync-v0 6.1.27+946bf4c32c
	   |-- fabric-renderer-api-v1 7.0.2+946bf4c32c
	   |-- fabric-renderer-indigo 4.0.2+946bf4c32c
	   |-- fabric-rendering-fluids-v1 3.1.30+fa6cb72b2c
	   |-- fabric-rendering-v1 12.4.0+e8d43c762c
	   |-- fabric-resource-conditions-api-v1 5.0.24+946bf4c32c
	   |-- fabric-resource-loader-v0 3.1.11+946bf4c32c
	   |-- fabric-screen-api-v1 2.1.0+277ecf7d2c
	   |-- fabric-screen-handler-api-v1 1.3.136+946bf4c32c
	   |-- fabric-sound-api-v1 1.0.42+946bf4c32c
	   |-- fabric-tag-api-v1 1.2.1+946bf4c32c
	   |-- fabric-transfer-api-v1 6.0.5+946bf4c32c
	   \-- fabric-transitive-access-wideners-v1 6.4.1+ac3e15d12c
	- fabricloader 0.16.14
	   \-- mixinextras 0.4.1
	- ferritecore 8.0.0
	- java 21
	- lithium 0.18.0+mc1.21.8
	- minecraft 1.21.8
	- skinsrestorer 15.7.8
	   |-- architectury 17.0.6
	   |-- ch_jalu_injector 1.0
	   |-- cloud 2.0.0-SNAPSHOT
	   |    \-- org_incendo_cloud-brigadier 2.0.0-beta.10
	   |-- com_github_skinsrestorer_configme beefdbdf7e
	   |-- fabric-client-gametest-api-v1 4.2.5+8a98c3fc2c
	   |-- fabric-gametest-api-v1 3.1.9+39ce47f52c
	   |-- fabric-key-binding-api-v1 1.0.65+946bf4c32c
	   |-- fabric-model-loading-api-v1 5.2.5+946bf4c32c
	   |-- fabric-permissions-api-v0 0.4.1
	   |-- fabric-renderer-api-v1 7.0.2+946bf4c32c
	   |-- fabric-renderer-indigo 4.0.2+946bf4c32c
	   |-- fabric-rendering-v1 12.4.0+e8d43c762c
	   |-- fabric-screen-api-v1 2.1.0+277ecf7d2c
	   |-- fabric-sound-api-v1 1.0.42+946bf4c32c
	   |-- io_leangen_geantyref_geantyref 1.3.15
	   |-- javax_inject_javax_inject 1
	   |-- net_kyori_adventure-api 4.23.0
	   |-- net_kyori_adventure-key 4.23.0
	   |-- net_kyori_adventure-text-minimessage 4.23.0
	   |-- net_kyori_adventure-text-serializer-ansi 4.23.0
	   |-- net_kyori_adventure-text-serializer-commons 4.23.0
	   |-- net_kyori_adventure-text-serializer-gson 4.23.0
	   |-- net_kyori_adventure-text-serializer-json 4.23.0
	   |-- net_kyori_adventure-text-serializer-legacy 4.23.0
	   |-- net_kyori_adventure-text-serializer-plain 4.23.0
	   |-- net_kyori_ansi 1.1.1
	   |-- net_kyori_examination-api 1.3.0
	   |-- net_kyori_examination-string 1.3.0
	   |-- net_kyori_option 1.1.0
	   |-- net_lenni0451_reflect 1.5.0
	   |-- net_skinsrestorer_miniplaceholders 15.7.8
	   |-- net_skinsrestorer_skinsrestorer-api 15.7.8
	   |-- net_skinsrestorer_skinsrestorer-build-data 15.7.8
	   |-- net_skinsrestorer_skinsrestorer-scissors 15.7.8
	   |-- net_skinsrestorer_skinsrestorer-shared 15.7.8
	   |-- net_skinsrestorer_viaversion 15.7.8
	   |-- org_bstats_bstats-base 3.1.0
	   |-- org_incendo_cloud-annotations 2.0.0
	   |-- org_incendo_cloud-core 2.0.0
	   |-- org_incendo_cloud-minecraft-extras 2.0.0-SNAPSHOT
	   |-- org_incendo_cloud-minecraft-modded-common-fabric-repack 2.0.0-SNAPSHOT
	   |-- org_incendo_cloud-processors-common 1.0.0-SNAPSHOT
	   |-- org_incendo_cloud-processors-cooldown 1.0.0-SNAPSHOT
	   |-- org_incendo_cloud-processors-requirements 1.0.0-SNAPSHOT
	   |-- org_incendo_cloud-services 2.0.0
	   |-- org_incendo_cloud-translations-core 1.0.0-SNAPSHOT
	   |-- org_incendo_cloud-translations-minecraft-extras 1.0.0-SNAPSHOT
	   |-- org_jetbrains_annotations 26.0.2
	   |-- org_mariadb_jdbc_mariadb-java-client 3.5.4
	   \-- org_yaml_snakeyaml 1.33
[03:16:50] [main/INFO]: SpongePowered MIXIN Subsystem Version=0.8.7 Source=file:/workspaces/Server-FileBriansWorld/servidor_minecraft/libraries/net/fabricmc/sponge-mixin/0.15.5+mixin.0.8.7/sponge-mixin-0.15.5+mixin.0.8.7.jar Service=Knot/Fabric Env=SERVER
[03:16:50] [main/INFO]: Compatibility level set to JAVA_16
[03:16:50] [main/INFO]: Compatibility level set to JAVA_21
[03:16:50] [main/WARN]: Mod 'ferritecore' attempted to override option 'mixin.alloc.blockstate', which doesn't exist, ignoring
[03:16:50] [main/INFO]: Loaded configuration file for Lithium: 160 options available, 0 override(s) found.
[03:16:51] [main/INFO]: Initializing MixinExtras via com.llamalad7.mixinextras.service.MixinExtrasServiceImpl(version=0.4.1).
[03:17:04] [main/INFO]: [Dynamic Lights] Loaded Dynamic Lights by Tschipcraft successfully!
[03:17:05] [main/INFO]: [33;1m[[32;22mSkinsRestorer[33;1m] [0;39m[32;1mRunning on Minecraft [33;1m1.21.8[32;1m.[0;39m
[03:17:06] [main/INFO]: Environment: Environment[sessionHost=https://sessionserver.mojang.com, servicesHost=https://api.minecraftservices.com, name=PROD]
[03:17:06] [main/INFO]: Found new data pack fabric-gametest-api-v1, loading it automatically
[03:17:07] [pool-2-thread-1/INFO]: [33;1m[[32;22mSkinsRestorer[33;1m] [0;39m[32;1m----------------------------------------------[0;39m
[03:17:07] [pool-2-thread-1/INFO]: [33;1m[[32;22mSkinsRestorer[33;1m] [0;39m[32;1m    +==================+[0;39m
[03:17:07] [pool-2-thread-1/INFO]: [33;1m[[32;22mSkinsRestorer[33;1m] [0;39m[32;1m    |   SkinsRestorer  |[0;39m
[03:17:07] [pool-2-thread-1/INFO]: [33;1m[[32;22mSkinsRestorer[33;1m] [0;39m[32;1m    |------------------|[0;39m
[03:17:07] [pool-2-thread-1/INFO]: [33;1m[[32;22mSkinsRestorer[33;1m] [0;39m[32;1m    |  [34;1m[4m[21mStandalone Mode[0;39m[32;1m |[0;39m
[03:17:07] [pool-2-thread-1/INFO]: [33;1m[[32;22mSkinsRestorer[33;1m] [0;39m[32;1m    +==================+[0;39m
[03:17:07] [pool-2-thread-1/INFO]: [33;1m[[32;22mSkinsRestorer[33;1m] [0;39m[32;1m----------------------------------------------[0;39m
[03:17:07] [pool-2-thread-1/INFO]: [33;1m[[32;22mSkinsRestorer[33;1m] [0;39m[36;1m    Version: [32;1m15.7.8[0;39m
[03:17:07] [pool-2-thread-1/INFO]: [33;1m[[32;22mSkinsRestorer[33;1m] [0;39m[36;1m    Commit: [32;1m8c78340[0;39m
[03:17:07] [pool-2-thread-1/INFO]: [33;1m[[32;22mSkinsRestorer[33;1m] [0;39m[32;1m    This is the latest version![0;39m
[03:17:07] [pool-2-thread-1/INFO]: [33;1m[[32;22mSkinsRestorer[33;1m] [0;39m[32;1m----------------------------------------------[0;39m
[03:17:07] [pool-2-thread-1/INFO]: [33;1m[[32;22mSkinsRestorer[33;1m] [0;39m[34;1mDo you have issues? Read our troubleshooting guide: [33;1mhttps://skinsrestorer.net/docs/troubleshooting[0;39m
[03:17:07] [pool-2-thread-1/INFO]: [33;1m[[32;22mSkinsRestorer[33;1m] [0;39m[34;1mWant to support SkinsRestorer? Consider donating: [33;1mhttps://skinsrestorer.net/donate[0;39m
[03:17:10] [main/INFO]: Loaded 1407 recipes
[03:17:10] [main/INFO]: Loaded 1522 advancements
[03:17:11] [main/INFO]: Applied 0 biome modifications to 0 of 65 new biomes in 2.296 ms
[03:17:11] [Server thread/INFO]: Starting minecraft server version 1.21.8
[03:17:11] [Server thread/INFO]: Loading properties
[03:17:11] [Server thread/INFO]: Default game type: SURVIVAL
[03:17:11] [Server thread/INFO]: Generating keypair
[03:17:11] [Server thread/INFO]: Starting Minecraft server on *:25565
[03:17:11] [Server thread/INFO]: Using epoll channel type
[03:17:11] [Server thread/WARN]: **** SERVER IS RUNNING IN OFFLINE/INSECURE MODE!
[03:17:11] [Server thread/WARN]: The server will make no attempt to authenticate usernames. Beware.
[03:17:11] [Server thread/WARN]: While this makes the game possible to play without internet access, it also opens up the ability for hackers to connect with any username they choose.
[03:17:11] [Server thread/WARN]: To change this, set "online-mode" to "true" in the server.properties file.
[03:17:11] [Server thread/INFO]: Preparing level "world"
[03:17:12] [Server thread/INFO]: Preparing start region for dimension minecraft:overworld
[03:17:21] [Worker-Main-1/INFO]: Preparing spawn area: 0%
[03:17:21] [Worker-Main-1/INFO]: Preparing spawn area: 0%
[03:17:21] [Worker-Main-1/INFO]: Preparing spawn area: 0%
[03:17:21] [Worker-Main-1/INFO]: Preparing spawn area: 0%
[03:17:21] [Worker-Main-1/INFO]: Preparing spawn area: 0%
[03:17:21] [Worker-Main-1/INFO]: Preparing spawn area: 0%
[03:17:21] [Worker-Main-1/INFO]: Preparing spawn area: 0%
[03:17:21] [Worker-Main-1/INFO]: Preparing spawn area: 0%
[03:17:21] [Worker-Main-1/INFO]: Preparing spawn area: 0%
[03:17:21] [Worker-Main-1/INFO]: Preparing spawn area: 0%
[03:17:21] [Worker-Main-1/INFO]: Preparing spawn area: 0%
[03:17:21] [Worker-Main-1/INFO]: Preparing spawn area: 0%
[03:17:21] [Worker-Main-1/INFO]: Preparing spawn area: 0%
[03:17:21] [Worker-Main-1/INFO]: Preparing spawn area: 0%
[03:17:21] [Worker-Main-1/INFO]: Preparing spawn area: 0%
[03:17:21] [Worker-Main-1/INFO]: Preparing spawn area: 0%
[03:17:21] [Worker-Main-1/INFO]: Preparing spawn area: 0%
[03:17:21] [Worker-Main-1/INFO]: Preparing spawn area: 0%
[03:17:21] [Server thread/INFO]: Time elapsed: 8661 ms
[03:17:21] [Server thread/INFO]: Done (9.711s)! For help, type "help"
[03:17:29] [Server thread/INFO]: LionSteel779[/127.117.184.227:60217] logged in with entity id 39 at (-2082.5256285804485, 16.0, 1154.2891776528431)
[03:17:29] [Server thread/INFO]: LionSteel779 joined the game
[03:21:37] [Server thread/INFO]: LionSteel779 burned to death
[03:22:16] [Server thread/INFO]: LionSteel779 lost connection: Disconnected
[03:22:16] [Server thread/INFO]: LionSteel779 left the game
[03:22:21] [Server thread/INFO]: Stopping the server
[03:22:21] [Server thread/INFO]: Stopping server
[03:22:21] [Server thread/INFO]: Saving players
[03:22:21] [Server thread/INFO]: Saving worlds
[03:22:21] [Server thread/INFO]: Saving chunks for level 'ServerLevel[world]'/minecraft:overworld
[03:22:21] [Server thread/INFO]: Saving chunks for level 'ServerLevel[world]'/minecraft:the_nether
[03:22:21] [Server thread/INFO]: Saving chunks for level 'ServerLevel[world]'/minecraft:the_end
[03:22:21] [Server thread/INFO]: ThreadedAnvilChunkStorage (world): All chunks are saved
[03:22:21] [Server thread/INFO]: ThreadedAnvilChunkStorage (DIM-1): All chunks are saved
[03:22:21] [Server thread/INFO]: ThreadedAnvilChunkStorage (DIM1): All chunks are saved
[03:22:21] [Server thread/INFO]: ThreadedAnvilChunkStorage: All dimensions are saved
